<?xml version="1.0" encoding="UTF-8"?>
<!-- Generated by org.testng.reporters.JUnitReportReporter -->
<testsuite skipped="0" hostname="Suresh" name="com.dxc.testcases.Dashboardtestcase" tests="1" failures="0" timestamp="08 Nov 2020 06:52:03 GMT" time="7.704" errors="0">
  <testcase name="enteruserdata" time="7.704" classname="com.dxc.testcases.Dashboardtestcase"/>
</testsuite> <!-- com.dxc.testcases.Dashboardtestcase -->
