<?xml version="1.0" encoding="UTF-8"?>
<!-- Generated by org.testng.reporters.JUnitReportReporter -->
<testsuite skipped="0" hostname="Suresh" name="com.dxc.testcases.Loginpagetestcase" tests="1" failures="0" timestamp="08 Nov 2020 06:52:03 GMT" time="42.250" errors="0">
  <testcase name="loginmethod" time="42.250" classname="com.dxc.testcases.Loginpagetestcase"/>
</testsuite> <!-- com.dxc.testcases.Loginpagetestcase -->
